=======================================12:50:33, 15/6/2020=======================================
=======================================[12:50:57, 15/6/2020]=======================================
=======================================[12:51:13, 15/6/2020]=======================================
=======================================[12:53:12, 15/6/2020]=======================================
=======================================[12:54:33, 15/6/2020]=======================================
=======================================[12:55:22, 15/6/2020]=======================================
=======================================[12:55:55, 15/6/2020]=======================================
=======================================[12:56:06, 15/6/2020]=======================================
=======================================[12:56:15, 15/6/2020]=======================================
=======================================[12:56:44, 15/6/2020]=======================================
=======================================[12:57:00, 15/6/2020]=======================================
=======================================[12:58:07, 15/6/2020]=======================================
=======================================[12:59:40, 15/6/2020]=======================================
12:59:41, 15/6/2020: (node:1737) UnhandledPromiseRejectionWarning: TypeError: Assignment to constant variable.
    at /mnt/d/PlatformIO/SmartHome/Server/src/model/room/types.js:30:19
    at processTicksAndRejections (internal/process/task_queues.js:97:5)
(Use `node --trace-warnings ...` to show where the warning was created) 
12:59:41, 15/6/2020: (node:1737) UnhandledPromiseRejectionWarning: Unhandled promise rejection. This error originated either by throwing inside of an async function without a catch block, or by rejecting a promise which was not handled with .catch(). To terminate the node process on unhandled promise rejection, use the CLI flag `--unhandled-rejections=strict` (see https://nodejs.org/api/cli.html#cli_unhandled_rejections_mode). (rejection id: 1) 
12:59:41, 15/6/2020: (node:1737) [DEP0018] DeprecationWarning: Unhandled promise rejections are deprecated. In the future, promise rejections that are not handled will terminate the Node.js process with a non-zero exit code. 
=======================================[12:59:53, 15/6/2020]=======================================
=======================================[13:00:30, 15/6/2020]=======================================
=======================================[13:01:14, 15/6/2020]=======================================
=======================================[13:01:30, 15/6/2020]=======================================
=======================================[13:01:51, 15/6/2020]=======================================
=======================================[13:14:45, 15/6/2020]=======================================
